********************************************************************************
DUPLICATOR-LITE PACKAGE-LOG: 12 de August de 2021 02:20
NOTICE: Do NOT post to public sites or forums 
********************************************************************************
VERSION:	1.4.2
WORDPRESS:	5.8
PHP INFO:	7.4.22 | SAPI: litespeed
SERVER:		LiteSpeed 
PHP TIME LIMIT: (0) no time limit imposed 
PHP MAX MEMORY: 4294967296 (512M default) 
MEMORY STACK: 2MB

********************************************************************************
DATABASE:
********************************************************************************
BUILD MODE:   PHP(query limit - 100)
MYSQLTIMEOUT: 5000
MYSQLDUMP:    Not Supported
TABLES: total:49 | filtered:0 | create:49
FILTERED: []
SQL CREATED: 20210812_internacionalagropecuaria11_5e4c1cef976d9e3b5117_20210812022040_database.sql
SQL FILE SIZE: 90.93MB (95345921)
SQL FILE TIME: 2021-08-12 02:21:27
SQL RUNTIME: 36.93 sec.

********************************************************************************
ARCHIVE (ZIP):
********************************************************************************
ARCHIVE DIR:  /home/abrilvaz/donmou.com
ARCHIVE FILE: 20210812_internacionalagropecuaria11_5e4c1cef976d9e3b5117_20210812022040_archive.zip
FILTERS: *OFF*
DIRS:
	not set
FILES:
	not set
EXTS:  not set
----------------------------------------
COMPRESSING
SIZE:	134.74MB
STATS:	Dirs 1,147 | Files 6,735
SQL ADDED: 20210812_internacionalagropecuaria11_5e4c1cef976d9e3b5117_20210812022040_database.sql
ZipArchive Object
(
    [status] => 0
    [statusSys] => 0
    [numFiles] => 7882
    [filename] => /home/abrilvaz/donmou.com/wp-content/backups-dup-lite/tmp/20210812_internacionalagropecuaria11_5e4c1cef976d9e3b5117_20210812022040_archive.zip
    [comment] => 
)

FILE ADDED TO ZIP: 7881
COMPRESSION RESULT: '1'
COMPRESSED SIZE: 61.25MB
ARCHIVE RUNTIME: 38.43 sec.
MEMORY STACK: 6MB
building installer
add_extra_files1
add_extra_files2
add_extra_files3
add_extra_files4
Doing archive file check
add_extra_files5
add_extra_files6
add_extra_files8
Successfully opened zip /home/abrilvaz/donmou.com/wp-content/backups-dup-lite/tmp/20210812_internacionalagropecuaria11_5e4c1cef976d9e3b5117_20210812022040_archive.zip
Adding enhanced installer files to archive using ZipArchive
Installer files added to archive
Added to archive
After ziparchive close when adding installer

********************************************************************************
INTEGRITY CHECKS:
********************************************************************************
SQL FILE: 90.93MB
INSTALLER FILE: 64.28KB
ARCHIVE FILE: 62.64MB 
RECUENTO ARCHIVOS/DIRECTORIOS ESPERADOS: 7,882
RECUENTO ARCHIVOS/DIRECTORIOS ACTUALES: 7,881
PRUEBA DE CONSISTENCIA DEL ARCHIVO: Superado

********************************************************************************
RECORD ID:[3]
TOTAL PROCESS RUNTIME: 107.02 sec.
PEAK PHP MEMORY USED: 16.02MB
DONE PROCESSING => 20210812_internacionalagropecuaria11 12 de August de 2021 02:22

